<?xml version="1.0" encoding="UTF-8"?>
<testng-results skipped="0" failed="0" ignored="0" total="2" passed="2">
  <reporter-output>
  </reporter-output>
  <suite name="Default suite" duration-ms="31" started-at="2019-04-01T04:02:06Z" finished-at="2019-04-01T04:02:06Z">
    <groups>
    </groups>
    <test name="Default test" duration-ms="31" started-at="2019-04-01T04:02:06Z" finished-at="2019-04-01T04:02:06Z">
      <class name="tests.TestDBConnection">
        <test-method status="PASS" signature="runOtherTest1()[pri:0, instance:tests.TestDBConnection@d2cc05a]" name="runOtherTest1" duration-ms="8" started-at="2019-04-01T04:02:06Z" finished-at="2019-04-01T04:02:06Z">
          <reporter-output>
          </reporter-output>
        </test-method> <!-- runOtherTest1 -->
        <test-method status="PASS" signature="runOtherTest2()[pri:0, instance:tests.TestDBConnection@d2cc05a]" name="runOtherTest2" duration-ms="2" started-at="2019-04-01T04:02:06Z" finished-at="2019-04-01T04:02:06Z">
          <reporter-output>
          </reporter-output>
        </test-method> <!-- runOtherTest2 -->
      </class> <!-- tests.TestDBConnection -->
    </test> <!-- Default test -->
  </suite> <!-- Default suite -->
</testng-results>
